#
# There is insufficient memory for the Java Runtime Environment to continue.
# Native memory allocation (malloc) failed to allocate 1287696 bytes for Chunk::new
# Possible reasons:
#   The system is out of physical RAM or swap space
#   In 32 bit mode, the process size limit was hit
# Possible solutions:
#   Reduce memory load on the system
#   Increase physical memory or swap space
#   Check if swap backing store is full
#   Use 64 bit Java on a 64 bit OS
#   Decrease Java heap size (-Xmx/-Xms)
#   Decrease number of Java threads
#   Decrease Java thread stack sizes (-Xss)
#   Set larger code cache with -XX:ReservedCodeCacheSize=
# This output file may be truncated or incomplete.
#
#  Out of Memory Error (allocation.cpp:390), pid=7544, tid=10544
#
# JRE version: Java(TM) SE Runtime Environment (8.0_45-b15) (build 1.8.0_45-b15)
# Java VM: Java HotSpot(TM) 64-Bit Server VM (25.45-b02 mixed mode windows-amd64 compressed oops)
# Failed to write core dump. Minidumps are not enabled by default on client versions of Windows
#

---------------  T H R E A D  ---------------

Current thread (0x0000000014f9d800):  JavaThread "C2 CompilerThread1" daemon [_thread_in_native, id=10544, stack(0x0000000016600000,0x0000000016700000)]

Stack: [0x0000000016600000,0x0000000016700000]
Native frames: (J=compiled Java code, j=interpreted, Vv=VM code, C=native code)
V  [jvm.dll+0x32b57a]
V  [jvm.dll+0x279873]
V  [jvm.dll+0x27a509]
V  [jvm.dll+0x271825]
V  [jvm.dll+0xcb9e2]
V  [jvm.dll+0xcbeac]
V  [jvm.dll+0x49298c]
V  [jvm.dll+0x45f6ff]
V  [jvm.dll+0x46a73b]
V  [jvm.dll+0x46cd52]
V  [jvm.dll+0x4500f2]
V  [jvm.dll+0xa4352]
V  [jvm.dll+0xa4c8f]
V  [jvm.dll+0x241984]
V  [jvm.dll+0x29853a]
C  [msvcr100.dll+0x21d9f]
C  [msvcr100.dll+0x21e3b]
C  [KERNEL32.DLL+0x13d2]
C  [ntdll.dll+0x154f4]


Current CompileTask:
C2:  14251 2242       4       com.android.dx.cf.code.Simulator$SimVisitor::visitConstant (541 bytes)


---------------  P R O C E S S  ---------------

Java Threads: ( => current thread )
  0x0000000016e1b000 JavaThread "pool-1-thread-4" [_thread_blocked, id=8188, stack(0x0000000017a00000,0x0000000017b00000)]
  0x0000000016e18800 JavaThread "pool-1-thread-3" [_thread_in_Java, id=11316, stack(0x0000000017900000,0x0000000017a00000)]
  0x0000000016b58800 JavaThread "pool-1-thread-2" [_thread_in_Java, id=12772, stack(0x0000000017800000,0x0000000017900000)]
  0x0000000016ba6800 JavaThread "pool-2-thread-1" [_thread_blocked, id=12060, stack(0x0000000017700000,0x0000000017800000)]
  0x0000000016ba6000 JavaThread "pool-1-thread-1" [_thread_in_Java, id=9512, stack(0x0000000017600000,0x0000000017700000)]
  0x0000000016829800 JavaThread "Service Thread" daemon [_thread_blocked, id=2432, stack(0x0000000016c00000,0x0000000016d00000)]
  0x0000000014fa4000 JavaThread "C1 CompilerThread2" daemon [_thread_blocked, id=8564, stack(0x0000000016700000,0x0000000016800000)]
=>0x0000000014f9d800 JavaThread "C2 CompilerThread1" daemon [_thread_in_native, id=10544, stack(0x0000000016600000,0x0000000016700000)]
  0x0000000014faa800 JavaThread "C2 CompilerThread0" daemon [_thread_in_native, id=3472, stack(0x0000000016500000,0x0000000016600000)]
  0x0000000014fa8800 JavaThread "Attach Listener" daemon [_thread_blocked, id=12248, stack(0x0000000016400000,0x0000000016500000)]
  0x0000000014fa7000 JavaThread "Signal Dispatcher" daemon [_thread_blocked, id=1608, stack(0x0000000016300000,0x0000000016400000)]
  0x00000000028c7800 JavaThread "Finalizer" daemon [_thread_blocked, id=10596, stack(0x0000000016200000,0x0000000016300000)]
  0x00000000028be000 JavaThread "Reference Handler" daemon [_thread_blocked, id=14256, stack(0x0000000016100000,0x0000000016200000)]
  0x0000000000f3d800 JavaThread "main" [_thread_in_Java, id=11968, stack(0x00000000026d0000,0x00000000027d0000)]

Other Threads:
  0x0000000014f67800 VMThread [stack: 0x0000000016000000,0x0000000016100000] [id=212]
  0x000000001682a000 WatcherThread [stack: 0x0000000016d00000,0x0000000016e00000] [id=10552]

VM state:not at safepoint (normal execution)

VM Mutex/Monitor currently owned by a thread: None

Heap:
 PSYoungGen      total 233472K, used 184544K [0x00000000eab00000, 0x0000000100000000, 0x0000000100000000)
  eden space 166912K, 93% used [0x00000000eab00000,0x00000000f4359680,0x00000000f4e00000)
  from space 66560K, 42% used [0x00000000fbf00000,0x00000000fdadeba0,0x0000000100000000)
  to   space 91136K, 0% used [0x00000000f4e00000,0x00000000f4e00000,0x00000000fa700000)
 ParOldGen       total 308736K, used 174932K [0x00000000c0000000, 0x00000000d2d80000, 0x00000000eab00000)
  object space 308736K, 56% used [0x00000000c0000000,0x00000000caad5120,0x00000000d2d80000)
 Metaspace       used 6628K, capacity 7384K, committed 7680K, reserved 1056768K
  class space    used 618K, capacity 656K, committed 768K, reserved 1048576K

Card table byte_map: [0x0000000011c90000,0x0000000011ea0000] byte_map_base: 0x0000000011690000

Marking Bits: (ParMarkBitMap*) 0x0000000062864040
 Begin Bits: [0x0000000012400000, 0x0000000013400000)
 End Bits:   [0x0000000013400000, 0x0000000014400000)

Polling page: 0x0000000000ec0000

CodeCache: size=245760Kb used=10973Kb max_used=10986Kb free=234786Kb
 bounds [0x00000000028d0000, 0x00000000033a0000, 0x00000000118d0000]
 total_blobs=2617 nmethods=2343 adapters=186
 compilation: enabled

Compilation events (10 events):
Event: 14.109 Thread 0x0000000014faa800 nmethod 2279 0x0000000003389390 code [0x0000000003389900, 0x000000000338e298]
Event: 14.109 Thread 0x0000000014faa800 2330       4       com.android.dx.ssa.SsaMethod::convertRopToSsaBlocks (103 bytes)
Event: 14.135 Thread 0x0000000014faa800 nmethod 2330 0x0000000003387590 code [0x00000000033877c0, 0x00000000033883f0]
Event: 14.135 Thread 0x0000000014faa800 2334       4       com.android.dx.util.LabeledList::<init> (57 bytes)
Event: 14.155 Thread 0x0000000014faa800 nmethod 2334 0x000000000336a4d0 code [0x000000000336a660, 0x000000000336afb8]
Event: 14.155 Thread 0x0000000014faa800 2403       4       com.android.dx.cf.code.BaseMachine::popArgs (127 bytes)
Event: 14.182 Thread 0x0000000014faa800 nmethod 2403 0x0000000003396150 code [0x0000000003396340, 0x0000000003397068]
Event: 14.182 Thread 0x0000000014faa800 2381       4       com.android.dx.ssa.SCCP::run (298 bytes)
Event: 14.192 Thread 0x0000000014fa4000 2411       2       java.util.concurrent.ThreadPoolExecutor$CallerRunsPolicy::rejectedExecution (14 bytes)
Event: 14.192 Thread 0x0000000014fa4000 nmethod 2411 0x0000000003325dd0 code [0x0000000003325f40, 0x00000000033260c8]

GC Heap History (10 events):
Event: 6.332 GC heap before
{Heap before GC invocations=8 (full 1):
 PSYoungGen      total 295424K, used 34289K [0x00000000eab00000, 0x0000000100000000, 0x0000000100000000)
  eden space 261120K, 0% used [0x00000000eab00000,0x00000000eab00000,0x00000000faa00000)
  from space 34304K, 99% used [0x00000000faa00000,0x00000000fcb7c418,0x00000000fcb80000)
  to   space 53760K, 0% used [0x00000000fcb80000,0x00000000fcb80000,0x0000000100000000)
 ParOldGen       total 87552K, used 70991K [0x00000000c0000000, 0x00000000c5580000, 0x00000000eab00000)
  object space 87552K, 81% used [0x00000000c0000000,0x00000000c4553c28,0x00000000c5580000)
 Metaspace       used 6593K, capacity 7320K, committed 7680K, reserved 1056768K
  class space    used 618K, capacity 656K, committed 768K, reserved 1048576K
Event: 7.734 GC heap after
Heap after GC invocations=8 (full 1):
 PSYoungGen      total 295424K, used 14238K [0x00000000eab00000, 0x0000000100000000, 0x0000000100000000)
  eden space 261120K, 0% used [0x00000000eab00000,0x00000000eab00000,0x00000000faa00000)
  from space 34304K, 41% used [0x00000000faa00000,0x00000000fb7e7ac0,0x00000000fcb80000)
  to   space 53760K, 0% used [0x00000000fcb80000,0x00000000fcb80000,0x0000000100000000)
 ParOldGen       total 175104K, used 87507K [0x00000000c0000000, 0x00000000cab00000, 0x00000000eab00000)
  object space 175104K, 49% used [0x00000000c0000000,0x00000000c5574f08,0x00000000cab00000)
 Metaspace       used 6593K, capacity 7320K, committed 7680K, reserved 1056768K
  class space    used 618K, capacity 656K, committed 768K, reserved 1048576K
}
Event: 9.211 GC heap before
{Heap before GC invocations=9 (full 1):
 PSYoungGen      total 295424K, used 275358K [0x00000000eab00000, 0x0000000100000000, 0x0000000100000000)
  eden space 261120K, 100% used [0x00000000eab00000,0x00000000faa00000,0x00000000faa00000)
  from space 34304K, 41% used [0x00000000faa00000,0x00000000fb7e7ac0,0x00000000fcb80000)
  to   space 53760K, 0% used [0x00000000fcb80000,0x00000000fcb80000,0x0000000100000000)
 ParOldGen       total 175104K, used 87507K [0x00000000c0000000, 0x00000000cab00000, 0x00000000eab00000)
  object space 175104K, 49% used [0x00000000c0000000,0x00000000c5574f08,0x00000000cab00000)
 Metaspace       used 6601K, capacity 7320K, committed 7680K, reserved 1056768K
  class space    used 618K, capacity 656K, committed 768K, reserved 1048576K
Event: 9.368 GC heap after
Heap after GC invocations=9 (full 1):
 PSYoungGen      total 269824K, used 53728K [0x00000000eab00000, 0x0000000100000000, 0x0000000100000000)
  eden space 216064K, 0% used [0x00000000eab00000,0x00000000eab00000,0x00000000f7e00000)
  from space 53760K, 99% used [0x00000000fcb80000,0x00000000ffff8328,0x0000000100000000)
  to   space 66560K, 0% used [0x00000000f7e00000,0x00000000f7e00000,0x00000000fbf00000)
 ParOldGen       total 175104K, used 87921K [0x00000000c0000000, 0x00000000cab00000, 0x00000000eab00000)
  object space 175104K, 50% used [0x00000000c0000000,0x00000000c55dc5c0,0x00000000cab00000)
 Metaspace       used 6601K, capacity 7320K, committed 7680K, reserved 1056768K
  class space    used 618K, capacity 656K, committed 768K, reserved 1048576K
}
Event: 10.336 GC heap before
{Heap before GC invocations=10 (full 1):
 PSYoungGen      total 269824K, used 269792K [0x00000000eab00000, 0x0000000100000000, 0x0000000100000000)
  eden space 216064K, 100% used [0x00000000eab00000,0x00000000f7e00000,0x00000000f7e00000)
  from space 53760K, 99% used [0x00000000fcb80000,0x00000000ffff8328,0x0000000100000000)
  to   space 66560K, 0% used [0x00000000f7e00000,0x00000000f7e00000,0x00000000fbf00000)
 ParOldGen       total 175104K, used 87921K [0x00000000c0000000, 0x00000000cab00000, 0x00000000eab00000)
  object space 175104K, 50% used [0x00000000c0000000,0x00000000c55dc5c0,0x00000000cab00000)
 Metaspace       used 6603K, capacity 7320K, committed 7680K, reserved 1056768K
  class space    used 618K, capacity 656K, committed 768K, reserved 1048576K
Event: 10.516 GC heap after
Heap after GC invocations=10 (full 1):
 PSYoungGen      total 282624K, used 66536K [0x00000000eab00000, 0x0000000100000000, 0x0000000100000000)
  eden space 216064K, 0% used [0x00000000eab00000,0x00000000eab00000,0x00000000f7e00000)
  from space 66560K, 99% used [0x00000000f7e00000,0x00000000fbefa050,0x00000000fbf00000)
  to   space 66560K, 0% used [0x00000000fbf00000,0x00000000fbf00000,0x0000000100000000)
 ParOldGen       total 175104K, used 107983K [0x00000000c0000000, 0x00000000cab00000, 0x00000000eab00000)
  object space 175104K, 61% used [0x00000000c0000000,0x00000000c6973d80,0x00000000cab00000)
 Metaspace       used 6603K, capacity 7320K, committed 7680K, reserved 1056768K
  class space    used 618K, capacity 656K, committed 768K, reserved 1048576K
}
Event: 11.669 GC heap before
{Heap before GC invocations=11 (full 1):
 PSYoungGen      total 282624K, used 282600K [0x00000000eab00000, 0x0000000100000000, 0x0000000100000000)
  eden space 216064K, 100% used [0x00000000eab00000,0x00000000f7e00000,0x00000000f7e00000)
  from space 66560K, 99% used [0x00000000f7e00000,0x00000000fbefa050,0x00000000fbf00000)
  to   space 66560K, 0% used [0x00000000fbf00000,0x00000000fbf00000,0x0000000100000000)
 ParOldGen       total 175104K, used 107983K [0x00000000c0000000, 0x00000000cab00000, 0x00000000eab00000)
  object space 175104K, 61% used [0x00000000c0000000,0x00000000c6973d80,0x00000000cab00000)
 Metaspace       used 6615K, capacity 7384K, committed 7680K, reserved 1056768K
  class space    used 618K, capacity 656K, committed 768K, reserved 1048576K
Event: 12.007 GC heap after
Heap after GC invocations=11 (full 1):
 PSYoungGen      total 233472K, used 57937K [0x00000000eab00000, 0x0000000100000000, 0x0000000100000000)
  eden space 166912K, 0% used [0x00000000eab00000,0x00000000eab00000,0x00000000f4e00000)
  from space 66560K, 87% used [0x00000000fbf00000,0x00000000ff7947b0,0x0000000100000000)
  to   space 91136K, 0% used [0x00000000f4e00000,0x00000000f4e00000,0x00000000fa700000)
 ParOldGen       total 175104K, used 149594K [0x00000000c0000000, 0x00000000cab00000, 0x00000000eab00000)
  object space 175104K, 85% used [0x00000000c0000000,0x00000000c9216b70,0x00000000cab00000)
 Metaspace       used 6615K, capacity 7384K, committed 7680K, reserved 1056768K
  class space    used 618K, capacity 656K, committed 768K, reserved 1048576K
}
Event: 12.007 GC heap before
{Heap before GC invocations=12 (full 2):
 PSYoungGen      total 233472K, used 57937K [0x00000000eab00000, 0x0000000100000000, 0x0000000100000000)
  eden space 166912K, 0% used [0x00000000eab00000,0x00000000eab00000,0x00000000f4e00000)
  from space 66560K, 87% used [0x00000000fbf00000,0x00000000ff7947b0,0x0000000100000000)
  to   space 91136K, 0% used [0x00000000f4e00000,0x00000000f4e00000,0x00000000fa700000)
 ParOldGen       total 175104K, used 149594K [0x00000000c0000000, 0x00000000cab00000, 0x00000000eab00000)
  object space 175104K, 85% used [0x00000000c0000000,0x00000000c9216b70,0x00000000cab00000)
 Metaspace       used 6615K, capacity 7384K, committed 7680K, reserved 1056768K
  class space    used 618K, capacity 656K, committed 768K, reserved 1048576K
Event: 13.401 GC heap after
Heap after GC invocations=12 (full 2):
 PSYoungGen      total 233472K, used 28538K [0x00000000eab00000, 0x0000000100000000, 0x0000000100000000)
  eden space 166912K, 0% used [0x00000000eab00000,0x00000000eab00000,0x00000000f4e00000)
  from space 66560K, 42% used [0x00000000fbf00000,0x00000000fdadeba0,0x0000000100000000)
  to   space 91136K, 0% used [0x00000000f4e00000,0x00000000f4e00000,0x00000000fa700000)
 ParOldGen       total 308736K, used 174932K [0x00000000c0000000, 0x00000000d2d80000, 0x00000000eab00000)
  object space 308736K, 56% used [0x00000000c0000000,0x00000000caad5120,0x00000000d2d80000)
 Metaspace       used 6615K, capacity 7384K, committed 7680K, reserved 1056768K
  class space    used 618K, capacity 656K, committed 768K, reserved 1048576K
}

Deoptimization events (10 events):
Event: 3.682 Thread 0x0000000000f3d800 Uncommon trap: reason=unstable_if action=reinterpret pc=0x00000000030c00b0 method=java.util.HashMap.getNode(ILjava/lang/Object;)Ljava/util/HashMap$Node; @ 84
Event: 4.499 Thread 0x0000000016b58800 Uncommon trap: reason=unstable_if action=reinterpret pc=0x0000000003072e60 method=com.android.dx.cf.code.Ropper.isSynchronized()Z @ 12
Event: 7.903 Thread 0x0000000000f3d800 Uncommon trap: reason=unstable_if action=reinterpret pc=0x0000000002d054dc method=com.android.dx.ssa.SsaMethod.getExitBlock()Lcom/android/dx/ssa/SsaBasicBlock; @ 4
Event: 7.911 Thread 0x0000000000f3d800 Uncommon trap: reason=unstable_if action=reinterpret pc=0x0000000002b73e34 method=com.android.dx.ssa.SsaMethod.getExitBlock()Lcom/android/dx/ssa/SsaBasicBlock; @ 4
Event: 7.973 Thread 0x0000000016e1b000 Uncommon trap: reason=unstable_if action=reinterpret pc=0x0000000002fc23d4 method=com.android.dx.ssa.MoveParamCombiner$1.visitNonMoveInsn(Lcom/android/dx/ssa/NormalSsaInsn;)V @ 27
Event: 8.663 Thread 0x0000000016e18800 Uncommon trap: reason=unstable_if action=reinterpret pc=0x00000000031a93a4 method=java.util.HashMap.putVal(ILjava/lang/Object;Ljava/lang/Object;ZZ)Ljava/lang/Object; @ 109
Event: 8.746 Thread 0x0000000016b58800 Uncommon trap: reason=unstable_if action=reinterpret pc=0x00000000030d1360 method=java.util.HashMap.putVal(ILjava/lang/Object;Ljava/lang/Object;ZZ)Ljava/lang/Object; @ 109
Event: 8.994 Thread 0x0000000016e18800 Uncommon trap: reason=unstable_if action=reinterpret pc=0x0000000002f2ae44 method=java.util.HashMap.getNode(ILjava/lang/Object;)Ljava/util/HashMap$Node; @ 84
Event: 13.633 Thread 0x0000000000f3d800 Uncommon trap: reason=unstable_if action=reinterpret pc=0x0000000003254768 method=com.android.dx.cf.code.Ropper.isSynchronized()Z @ 12
Event: 13.713 Thread 0x0000000000f3d800 Uncommon trap: reason=unstable_if action=reinterpret pc=0x000000000335b764 method=java.util.HashMap.putVal(ILjava/lang/Object;Ljava/lang/Object;ZZ)Ljava/lang/Object; @ 94

Internal exceptions (5 events):
Event: 0.044 Thread 0x0000000000f3d800 Exception <a 'java/lang/NoSuchMethodError': Method sun.misc.Unsafe.defineClass(Ljava/lang/String;[BII)Ljava/lang/Class; name or signature does not match> (0x00000000eab0d968) thrown at [C:\re\workspace\8-2-build-windows-amd64-cygwin\jdk8u45\3627\hotspot\srnð––H²¦?
Event: 0.044 Thread 0x0000000000f3d800 Exception <a 'java/lang/NoSuchMethodError': Method sun.misc.Unsafe.prefetchRead(Ljava/lang/Object;J)V name or signature does not match> (0x00000000eab0dbf8) thrown at [C:\re\workspace\8-2-build-windows-amd64-cygwin\jdk8u45\3627\hotspot\src\share\vm\prims\j±
Event: 3.112 Thread 0x0000000000f3d800 Exception <a 'java/lang/ArrayIndexOutOfBoundsException': 18> (0x00000000f13c0a58) thrown at [C:\re\workspace\8-2-build-windows-amd64-cygwin\jdk8u45\3627\hotspot\src\share\vm\interpreter\interpreterRuntime.cpp, line 366]
Event: 3.114 Thread 0x0000000000f3d800 Exception <a 'java/lang/ArrayIndexOutOfBoundsException'> (0x00000000f13c2528) thrown at [C:\re\workspace\8-2-build-windows-amd64-cygwin\jdk8u45\3627\hotspot\src\share\vm\runtime\sharedRuntime.cpp, line 605]
Event: 3.115 Thread 0x0000000000f3d800 Exception <a 'java/lang/ArrayIndexOutOfBoundsException'> (0x00000000f13c3760) thrown at [C:\re\workspace\8-2-build-windows-amd64-cygwin\jdk8u45\3627\hotspot\src\share\vm\runtime\sharedRuntime.cpp, line 605]

Events (10 events):
Event: 13.804 Thread 0x0000000000f3d800 DEOPT PACKING pc=0x0000000002d904b1 sp=0x00000000027ce280
Event: 13.804 Thread 0x0000000000f3d800 DEOPT UNPACKING pc=0x000000000291787f sp=0x00000000027ce010 mode 0
Event: 13.903 Thread 0x0000000000f3d800 DEOPT PACKING pc=0x0000000002d904b1 sp=0x00000000027ce280
Event: 13.903 Thread 0x0000000000f3d800 DEOPT UNPACKING pc=0x000000000291787f sp=0x00000000027ce010 mode 0
Event: 14.049 loading class com/android/dx/ssa/Dominators$1
Event: 14.049 loading class com/android/dx/ssa/Dominators$1 done
Event: 14.091 Thread 0x0000000016e1b000 DEOPT PACKING pc=0x0000000002d904b1 sp=0x0000000017afe8c0
Event: 14.091 Thread 0x0000000016e1b000 DEOPT UNPACKING pc=0x000000000291787f sp=0x0000000017afe650 mode 0
Event: 14.206 Thread 0x0000000016e18800 DEOPT PACKING pc=0x0000000002d904b1 sp=0x00000000179fecb0
Event: 14.206 Thread 0x0000000016e18800 DEOPT UNPACKING pc=0x000000000291787f sp=0x00000000179fea40 mode 0


Dynamic libraries:
0x00007ff61e360000 - 0x00007ff61e397000 	C:\Program Files\Java\jdk1.8.0_45\bin\java.exe
0x00007ffc9a480000 - 0x00007ffc9a62d000 	C:\WINDOWS\SYSTEM32\ntdll.dll
0x00007ffc9a2e0000 - 0x00007ffc9a41e000 	C:\WINDOWS\system32\KERNEL32.DLL
0x00007ffc978e0000 - 0x00007ffc979f5000 	C:\WINDOWS\system32\KERNELBASE.dll
0x00007ffc96170000 - 0x00007ffc961fe000 	C:\WINDOWS\system32\apphelp.dll
0x00007ffc96110000 - 0x00007ffc96163000 	C:\WINDOWS\AppPatch\AppPatch64\AcGenral.DLL
0x00007ffc99e40000 - 0x00007ffc99eea000 	C:\WINDOWS\system32\msvcrt.dll
0x00007ffc97680000 - 0x00007ffc976ae000 	C:\WINDOWS\system32\SspiCli.dll
0x00007ffc99fb0000 - 0x00007ffc9a004000 	C:\WINDOWS\system32\SHLWAPI.dll
0x00007ffc99a70000 - 0x00007ffc99be7000 	C:\WINDOWS\system32\USER32.dll
0x00007ffc9a140000 - 0x00007ffc9a2d4000 	C:\WINDOWS\system32\ole32.dll
0x00007ffc98400000 - 0x00007ffc9992c000 	C:\WINDOWS\system32\SHELL32.dll
0x00007ffc96c20000 - 0x00007ffc96c41000 	C:\WINDOWS\SYSTEM32\USERENV.dll
0x00007ffc98140000 - 0x00007ffc981ea000 	C:\WINDOWS\system32\ADVAPI32.dll
0x00007ffc960f0000 - 0x00007ffc9610e000 	C:\WINDOWS\SYSTEM32\MPR.dll
0x00007ffc99930000 - 0x00007ffc99a70000 	C:\WINDOWS\system32\RPCRT4.dll
0x00007ffc981f0000 - 0x00007ffc98249000 	C:\WINDOWS\SYSTEM32\sechost.dll
0x00007ffc97c70000 - 0x00007ffc97e82000 	C:\WINDOWS\SYSTEM32\combase.dll
0x00007ffc97b10000 - 0x00007ffc97c5b000 	C:\WINDOWS\system32\GDI32.dll
0x00007ffc975b0000 - 0x00007ffc975c5000 	C:\WINDOWS\SYSTEM32\profapi.dll
0x00007ffc95a90000 - 0x00007ffc95b42000 	C:\WINDOWS\SYSTEM32\SHCORE.dll
0x00007ffc97fa0000 - 0x00007ffc97fd6000 	C:\WINDOWS\system32\IMM32.DLL
0x00007ffc97fe0000 - 0x00007ffc98131000 	C:\WINDOWS\system32\MSCTF.dll
0x00007ffc95610000 - 0x00007ffc9588b000 	C:\WINDOWS\WinSxS\amd64_microsoft.windows.common-controls_6595b64144ccf1df_6.0.9600.18006_none_623f33d3ecbe86e8\COMCTL32.dll
0x0000000063ba0000 - 0x0000000063c72000 	C:\Program Files\Java\jdk1.8.0_45\jre\bin\msvcr100.dll
0x0000000062060000 - 0x00000000628e3000 	C:\Program Files\Java\jdk1.8.0_45\jre\bin\server\jvm.dll
0x00007ffc8fd50000 - 0x00007ffc8fd59000 	C:\WINDOWS\SYSTEM32\WSOCK32.dll
0x00007ffc91a90000 - 0x00007ffc91ab2000 	C:\WINDOWS\SYSTEM32\WINMM.dll
0x00007ffc91f40000 - 0x00007ffc91f4a000 	C:\WINDOWS\SYSTEM32\VERSION.dll
0x00007ffc97e90000 - 0x00007ffc97e97000 	C:\WINDOWS\system32\PSAPI.DLL
0x00007ffc9a0d0000 - 0x00007ffc9a12a000 	C:\WINDOWS\system32\WS2_32.dll
0x00007ffc909b0000 - 0x00007ffc909da000 	C:\WINDOWS\SYSTEM32\WINMMBASE.dll
0x00007ffc9a130000 - 0x00007ffc9a139000 	C:\WINDOWS\system32\NSI.dll
0x00007ffc976b0000 - 0x00007ffc976ff000 	C:\WINDOWS\SYSTEM32\cfgmgr32.dll
0x00007ffc963c0000 - 0x00007ffc963e8000 	C:\WINDOWS\SYSTEM32\DEVOBJ.dll
0x0000000064380000 - 0x000000006438f000 	C:\Program Files\Java\jdk1.8.0_45\jre\bin\verify.dll
0x0000000064350000 - 0x0000000064379000 	C:\Program Files\Java\jdk1.8.0_45\jre\bin\java.dll
0x0000000064330000 - 0x0000000064346000 	C:\Program Files\Java\jdk1.8.0_45\jre\bin\zip.dll
0x00007ffc8b450000 - 0x00007ffc8b5d9000 	C:\WINDOWS\SYSTEM32\dbghelp.dll

VM Arguments:
jvm_args: -Djava.awt.headless=true -Xmx1024M -Dfile.encoding=windows-1252 -Duser.country=US -Duser.language=en -Duser.variant 
java_command: com.android.dx.command.Main --dex --force-jumbo --num-threads=4 --output C:\Users\saelim\StudioProjects\nano\app\build\intermediates\transforms\dex\release\folders\1000\1f\main C:\Users\saelim\StudioProjects\nano\app\build\intermediates\transforms\proguard\release\jars\3\1f\main.jar
java_class_path (initial): C:\Users\saelim\AppData\Local\Android\Sdk\build-tools\27.0.0\lib\dx.jar
Launcher Type: SUN_STANDARD

Environment Variables:
PATH=C:\Python27\;C:\Python27\Scripts;C:\ProgramData\Oracle\Java\javapath;C:\Program Files (x86)\Intel\iCLS Client\;C:\Program Files\Intel\iCLS Client\;C:\WINDOWS\system32;C:\WINDOWS;C:\WINDOWS\System32\Wbem;C:\WINDOWS\System32\WindowsPowerShell\v1.0\;C:\Program Files\Intel\WiFi\bin\;C:\Program Files\Common Files\Intel\WirelessCommon\;C:\Program Files\Intel\Intel(R) Management Engine Components\DAL;C:\Program Files (x86)\Intel\Intel(R) Management Engine Components\DAL;C:\Program Files\Intel\Intel(R) Management Engine Components\IPT;C:\Program Files (x86)\Intel\Intel(R) Management Engine Components\IPT;C:\Program Files (x86)\Skype\Phone\;C:\Program Files\Calibre2\;C:\Users\saelim\Desktop\adb-fastboot;C:\Program Files (x86)\Windows Kits\8.1\Windows Performance Toolkit\;C:\Program Files\PuTTY\;C:\Program Files (x86)\Mozilla Firefox;C:\Program Files (x86)\ActiveState Komodo IDE 6\;C:\ProgramData\Oracle\Java\javapath;C:\Program Files (x86)\Intel\iCLS Client\;C:\Program Files\Intel\iCLS Client\;C:\WINDOWS\system32;C:\WINDOWS;C:\WINDOWS\System32\Wbem;C:\WINDOWS\System32\WindowsPowerShell\v1.0\;C:\Program Files\Intel\WiFi\bin\;C:\Program Files\Common Files\Intel\WirelessCommon\;C:\Program Files\Intel\Intel(R) Management Engine Components\DAL;C:\Program Files (x86)\Intel\Intel(R) Management Engine Components\DAL;C:\Program Files\Intel\Intel(R) Management Engine Components\IPT;C:\Program Files (x86)\Intel\Intel(R) Management Engine Components\IPT;C:\Program Files (x86)\Skype\Phone\;C:\Users\saelim\AppData\Local\Programs\Git\cmd
USERNAME=saelim
OS=Windows_NT
PROCESSOR_IDENTIFIER=Intel64 Family 6 Model 61 Stepping 4, GenuineIntel



---------------  S Y S T E M  ---------------

OS: Windows 8.1 , 64 bit Build 9600 (6.3.9600.17415)

CPU:total 4 (2 cores per cpu, 2 threads per core) family 6 model 61 stepping 4, cmov, cx8, fxsr, mmx, sse, sse2, sse3, ssse3, sse4.1, sse4.2, popcnt, avx, avx2, aes, clmul, erms, rtm, 3dnowpref, lzcnt, ht, tsc, tscinvbit, bmi1, bmi2, adx

Memory: 4k page, physical 8274368k(263668k free), swap 11420096k(5048k free)

vm_info: Java HotSpot(TM) 64-Bit Server VM (25.45-b02) for windows-amd64 JRE (1.8.0_45-b15), built on Apr 30 2015 12:40:44 by "java_re" with MS VC++ 10.0 (VS2010)

time: Wed Mar 21 12:31:27 2018
elapsed time: 14 seconds (0d 0h 0m 14s)

