#
# There is insufficient memory for the Java Runtime Environment to continue.
# Native memory allocation (malloc) failed to allocate 1383056 bytes for Chunk::new
# Possible reasons:
#   The system is out of physical RAM or swap space
#   In 32 bit mode, the process size limit was hit
# Possible solutions:
#   Reduce memory load on the system
#   Increase physical memory or swap space
#   Check if swap backing store is full
#   Use 64 bit Java on a 64 bit OS
#   Decrease Java heap size (-Xmx/-Xms)
#   Decrease number of Java threads
#   Decrease Java thread stack sizes (-Xss)
#   Set larger code cache with -XX:ReservedCodeCacheSize=
# This output file may be truncated or incomplete.
#
#  Out of Memory Error (allocation.cpp:390), pid=3400, tid=13876
#
# JRE version: Java(TM) SE Runtime Environment (8.0_45-b15) (build 1.8.0_45-b15)
# Java VM: Java HotSpot(TM) 64-Bit Server VM (25.45-b02 mixed mode windows-amd64 compressed oops)
# Failed to write core dump. Minidumps are not enabled by default on client versions of Windows
#

---------------  T H R E A D  ---------------

Current thread (0x0000000015257000):  JavaThread "C2 CompilerThread1" daemon [_thread_in_native, id=13876, stack(0x0000000016850000,0x0000000016950000)]

Stack: [0x0000000016850000,0x0000000016950000]
Native frames: (J=compiled Java code, j=interpreted, Vv=VM code, C=native code)
V  [jvm.dll+0x32b57a]
V  [jvm.dll+0x279873]
V  [jvm.dll+0x27a509]
V  [jvm.dll+0x271825]
V  [jvm.dll+0xcb9e2]
V  [jvm.dll+0xcbeac]
V  [jvm.dll+0x49298c]
V  [jvm.dll+0x45f6ff]
V  [jvm.dll+0x46a73b]
V  [jvm.dll+0x46cd52]
V  [jvm.dll+0x4500f2]
V  [jvm.dll+0xa4352]
V  [jvm.dll+0xa4c8f]
V  [jvm.dll+0x241984]
V  [jvm.dll+0x29853a]
C  [msvcr100.dll+0x21d9f]
C  [msvcr100.dll+0x21e3b]
C  [KERNEL32.DLL+0x13d2]
C  [ntdll.dll+0x154f4]


Current CompileTask:
C2:   7649 1921   !   4       com.android.dx.cf.code.BytecodeArray::parseInstruction (2796 bytes)


---------------  P R O C E S S  ---------------

Java Threads: ( => current thread )
  0x0000000016bcf800 JavaThread "pool-1-thread-4" [_thread_in_Java, id=5904, stack(0x0000000017450000,0x0000000017550000)]
  0x0000000016bcf000 JavaThread "pool-1-thread-3" [_thread_in_Java, id=12924, stack(0x0000000017350000,0x0000000017450000)]
  0x0000000016bbd000 JavaThread "pool-1-thread-2" [_thread_in_Java, id=13364, stack(0x0000000017250000,0x0000000017350000)]
  0x0000000016bab000 JavaThread "pool-2-thread-1" [_thread_blocked, id=13712, stack(0x0000000017150000,0x0000000017250000)]
  0x0000000016ba8800 JavaThread "pool-1-thread-1" [_thread_in_Java, id=13988, stack(0x0000000017050000,0x0000000017150000)]
  0x0000000016a56000 JavaThread "Service Thread" daemon [_thread_blocked, id=1876, stack(0x0000000016e50000,0x0000000016f50000)]
  0x000000001525a000 JavaThread "C1 CompilerThread2" daemon [_thread_blocked, id=14164, stack(0x0000000016950000,0x0000000016a50000)]
=>0x0000000015257000 JavaThread "C2 CompilerThread1" daemon [_thread_in_native, id=13876, stack(0x0000000016850000,0x0000000016950000)]
  0x00000000151fd800 JavaThread "C2 CompilerThread0" daemon [_thread_in_native, id=11748, stack(0x0000000016750000,0x0000000016850000)]
  0x00000000151fb800 JavaThread "Attach Listener" daemon [_thread_blocked, id=11564, stack(0x0000000016650000,0x0000000016750000)]
  0x00000000151fa800 JavaThread "Signal Dispatcher" daemon [_thread_blocked, id=7940, stack(0x0000000016550000,0x0000000016650000)]
  0x0000000002b26800 JavaThread "Finalizer" daemon [_thread_blocked, id=13392, stack(0x0000000016450000,0x0000000016550000)]
  0x0000000002b1e000 JavaThread "Reference Handler" daemon [_thread_blocked, id=12732, stack(0x0000000016350000,0x0000000016450000)]
  0x0000000002a2d800 JavaThread "main" [_thread_in_Java, id=7936, stack(0x00000000028d0000,0x00000000029d0000)]

Other Threads:
  0x00000000151c7800 VMThread [stack: 0x0000000016250000,0x0000000016350000] [id=12516]
  0x0000000016a58800 WatcherThread [stack: 0x0000000016f50000,0x0000000017050000] [id=12372]

VM state:not at safepoint (normal execution)

VM Mutex/Monitor currently owned by a thread: None

Heap:
 PSYoungGen      total 138240K, used 34805K [0x00000000eab00000, 0x00000000f3700000, 0x0000000100000000)
  eden space 133120K, 22% used [0x00000000eab00000,0x00000000ec8006c8,0x00000000f2d00000)
  from space 5120K, 99% used [0x00000000f3200000,0x00000000f36fcf38,0x00000000f3700000)
  to   space 5120K, 0% used [0x00000000f2d00000,0x00000000f2d00000,0x00000000f3200000)
 ParOldGen       total 87552K, used 31532K [0x00000000c0000000, 0x00000000c5580000, 0x00000000eab00000)
  object space 87552K, 36% used [0x00000000c0000000,0x00000000c1ecb2a8,0x00000000c5580000)
 Metaspace       used 6363K, capacity 7280K, committed 7552K, reserved 1056768K
  class space    used 596K, capacity 616K, committed 640K, reserved 1048576K

Card table byte_map: [0x0000000011ef0000,0x0000000012100000] byte_map_base: 0x00000000118f0000

Marking Bits: (ParMarkBitMap*) 0x0000000062864040
 Begin Bits: [0x0000000012660000, 0x0000000013660000)
 End Bits:   [0x0000000013660000, 0x0000000014660000)

Polling page: 0x0000000000f80000

CodeCache: size=245760Kb used=8266Kb max_used=8461Kb free=237493Kb
 bounds [0x0000000002b30000, 0x0000000003380000, 0x0000000011b30000]
 total_blobs=2139 nmethods=1866 adapters=184
 compilation: enabled

Compilation events (10 events):
Event: 7.587 Thread 0x000000001525a000 1993       2       com.android.dx.dex.cf.AttributeTranslator::translateEnclosingMethod (50 bytes)
Event: 7.588 Thread 0x000000001525a000 nmethod 1993 0x0000000002cce350 code [0x0000000002cce540, 0x0000000002ccea58]
Event: 7.588 Thread 0x000000001525a000 1995       2       com.android.dx.dex.code.VariableSizeInsn::<init> (10 bytes)
Event: 7.589 Thread 0x000000001525a000 nmethod 1995 0x0000000002cb09d0 code [0x0000000002cb0b40, 0x0000000002cb0cc8]
Event: 7.589 Thread 0x000000001525a000 1996       2       com.android.dx.dex.code.RopTranslator$TranslationVisitor::addOutputSuffix (9 bytes)
Event: 7.589 Thread 0x000000001525a000 nmethod 1996 0x0000000002c52910 code [0x0000000002c52a80, 0x0000000002c52d08]
Event: 7.589 Thread 0x000000001525a000 1997       1       com.android.dx.rop.code.FillArrayDataInsn::getConstant (5 bytes)
Event: 7.589 Thread 0x000000001525a000 nmethod 1997 0x0000000002c60d10 code [0x0000000002c60e60, 0x0000000002c60f70]
Event: 7.589 Thread 0x000000001525a000 1998       1       com.android.dx.rop.code.FillArrayDataInsn::getInitValues (5 bytes)
Event: 7.589 Thread 0x000000001525a000 nmethod 1998 0x0000000002d20310 code [0x0000000002d20460, 0x0000000002d20570]

GC Heap History (8 events):
Event: 2.680 GC heap before
{Heap before GC invocations=1 (full 0):
 PSYoungGen      total 38400K, used 33280K [0x00000000eab00000, 0x00000000ed580000, 0x0000000100000000)
  eden space 33280K, 100% used [0x00000000eab00000,0x00000000ecb80000,0x00000000ecb80000)
  from space 5120K, 0% used [0x00000000ed080000,0x00000000ed080000,0x00000000ed580000)
  to   space 5120K, 0% used [0x00000000ecb80000,0x00000000ecb80000,0x00000000ed080000)
 ParOldGen       total 87552K, used 0K [0x00000000c0000000, 0x00000000c5580000, 0x00000000eab00000)
  object space 87552K, 0% used [0x00000000c0000000,0x00000000c0000000,0x00000000c5580000)
 Metaspace       used 6032K, capacity 7024K, committed 7296K, reserved 1056768K
  class space    used 592K, capacity 616K, committed 640K, reserved 1048576K
Event: 2.714 GC heap after
Heap after GC invocations=1 (full 0):
 PSYoungGen      total 38400K, used 5100K [0x00000000eab00000, 0x00000000ef600000, 0x0000000100000000)
  eden space 33280K, 0% used [0x00000000eab00000,0x00000000eab00000,0x00000000ecb80000)
  from space 5120K, 99% used [0x00000000ecb80000,0x00000000ed07b200,0x00000000ed080000)
  to   space 5120K, 0% used [0x00000000ef100000,0x00000000ef100000,0x00000000ef600000)
 ParOldGen       total 87552K, used 2195K [0x00000000c0000000, 0x00000000c5580000, 0x00000000eab00000)
  object space 87552K, 2% used [0x00000000c0000000,0x00000000c0224f68,0x00000000c5580000)
 Metaspace       used 6032K, capacity 7024K, committed 7296K, reserved 1056768K
  class space    used 592K, capacity 616K, committed 640K, reserved 1048576K
}
Event: 4.433 GC heap before
{Heap before GC invocations=2 (full 0):
 PSYoungGen      total 38400K, used 38380K [0x00000000eab00000, 0x00000000ef600000, 0x0000000100000000)
  eden space 33280K, 100% used [0x00000000eab00000,0x00000000ecb80000,0x00000000ecb80000)
  from space 5120K, 99% used [0x00000000ecb80000,0x00000000ed07b200,0x00000000ed080000)
  to   space 5120K, 0% used [0x00000000ef100000,0x00000000ef100000,0x00000000ef600000)
 ParOldGen       total 87552K, used 2195K [0x00000000c0000000, 0x00000000c5580000, 0x00000000eab00000)
  object space 87552K, 2% used [0x00000000c0000000,0x00000000c0224f68,0x00000000c5580000)
 Metaspace       used 6176K, capacity 7152K, committed 7296K, reserved 1056768K
  class space    used 595K, capacity 616K, committed 640K, reserved 1048576K
Event: 4.525 GC heap after
Heap after GC invocations=2 (full 0):
 PSYoungGen      total 71680K, used 5092K [0x00000000eab00000, 0x00000000ef600000, 0x0000000100000000)
  eden space 66560K, 0% used [0x00000000eab00000,0x00000000eab00000,0x00000000eec00000)
  from space 5120K, 99% used [0x00000000ef100000,0x00000000ef5f90f8,0x00000000ef600000)
  to   space 5120K, 0% used [0x00000000eec00000,0x00000000eec00000,0x00000000ef100000)
 ParOldGen       total 87552K, used 6922K [0x00000000c0000000, 0x00000000c5580000, 0x00000000eab00000)
  object space 87552K, 7% used [0x00000000c0000000,0x00000000c06c2950,0x00000000c5580000)
 Metaspace       used 6176K, capacity 7152K, committed 7296K, reserved 1056768K
  class space    used 595K, capacity 616K, committed 640K, reserved 1048576K
}
Event: 6.417 GC heap before
{Heap before GC invocations=3 (full 0):
 PSYoungGen      total 71680K, used 71652K [0x00000000eab00000, 0x00000000ef600000, 0x0000000100000000)
  eden space 66560K, 100% used [0x00000000eab00000,0x00000000eec00000,0x00000000eec00000)
  from space 5120K, 99% used [0x00000000ef100000,0x00000000ef5f90f8,0x00000000ef600000)
  to   space 5120K, 0% used [0x00000000eec00000,0x00000000eec00000,0x00000000ef100000)
 ParOldGen       total 87552K, used 6922K [0x00000000c0000000, 0x00000000c5580000, 0x00000000eab00000)
  object space 87552K, 7% used [0x00000000c0000000,0x00000000c06c2950,0x00000000c5580000)
 Metaspace       used 6336K, capacity 7216K, committed 7296K, reserved 1056768K
  class space    used 596K, capacity 616K, committed 640K, reserved 1048576K
Event: 6.537 GC heap after
Heap after GC invocations=3 (full 0):
 PSYoungGen      total 71680K, used 5108K [0x00000000eab00000, 0x00000000f3700000, 0x0000000100000000)
  eden space 66560K, 0% used [0x00000000eab00000,0x00000000eab00000,0x00000000eec00000)
  from space 5120K, 99% used [0x00000000eec00000,0x00000000ef0fd368,0x00000000ef100000)
  to   space 5120K, 0% used [0x00000000f3200000,0x00000000f3200000,0x00000000f3700000)
 ParOldGen       total 87552K, used 20531K [0x00000000c0000000, 0x00000000c5580000, 0x00000000eab00000)
  object space 87552K, 23% used [0x00000000c0000000,0x00000000c140cd10,0x00000000c5580000)
 Metaspace       used 6336K, capacity 7216K, committed 7296K, reserved 1056768K
  class space    used 596K, capacity 616K, committed 640K, reserved 1048576K
}
Event: 7.457 GC heap before
{Heap before GC invocations=4 (full 0):
 PSYoungGen      total 71680K, used 71668K [0x00000000eab00000, 0x00000000f3700000, 0x0000000100000000)
  eden space 66560K, 100% used [0x00000000eab00000,0x00000000eec00000,0x00000000eec00000)
  from space 5120K, 99% used [0x00000000eec00000,0x00000000ef0fd368,0x00000000ef100000)
  to   space 5120K, 0% used [0x00000000f3200000,0x00000000f3200000,0x00000000f3700000)
 ParOldGen       total 87552K, used 20531K [0x00000000c0000000, 0x00000000c5580000, 0x00000000eab00000)
  object space 87552K, 23% used [0x00000000c0000000,0x00000000c140cd10,0x00000000c5580000)
 Metaspace       used 6352K, capacity 7280K, committed 7552K, reserved 1056768K
  class space    used 596K, capacity 616K, committed 640K, reserved 1048576K
Event: 7.520 GC heap after
Heap after GC invocations=4 (full 0):
 PSYoungGen      total 138240K, used 5107K [0x00000000eab00000, 0x00000000f3700000, 0x0000000100000000)
  eden space 133120K, 0% used [0x00000000eab00000,0x00000000eab00000,0x00000000f2d00000)
  from space 5120K, 99% used [0x00000000f3200000,0x00000000f36fcf38,0x00000000f3700000)
  to   space 5120K, 0% used [0x00000000f2d00000,0x00000000f2d00000,0x00000000f3200000)
 ParOldGen       total 87552K, used 31532K [0x00000000c0000000, 0x00000000c5580000, 0x00000000eab00000)
  object space 87552K, 36% used [0x00000000c0000000,0x00000000c1ecb2a8,0x00000000c5580000)
 Metaspace       used 6352K, capacity 7280K, committed 7552K, reserved 1056768K
  class space    used 596K, capacity 616K, committed 640K, reserved 1048576K
}

Deoptimization events (10 events):
Event: 4.677 Thread 0x0000000016bcf800 Uncommon trap: reason=bimorphic action=maybe_recompile pc=0x0000000002fbd020 method=java.util.HashMap.putVal(ILjava/lang/Object;Ljava/lang/Object;ZZ)Ljava/lang/Object; @ 91
Event: 4.779 Thread 0x0000000016bbd000 Uncommon trap: reason=unstable_if action=reinterpret pc=0x00000000030d2ee0 method=com.android.dx.ssa.SCCP.simulateStmt(Lcom/android/dx/ssa/SsaInsn;)V @ 59
Event: 5.191 Thread 0x0000000016bbd000 Uncommon trap: reason=unstable_if action=reinterpret pc=0x0000000002ff1734 method=com.android.dx.ssa.SsaRenamer$BlockRenamer.addMapping(ILcom/android/dx/rop/code/RegisterSpec;)V @ 120
Event: 5.434 Thread 0x0000000016bbd000 Uncommon trap: reason=unstable_if action=reinterpret pc=0x00000000031a9574 method=com.android.dx.rop.code.RegisterSpecSet.localItemToSpec(Lcom/android/dx/rop/code/LocalItem;)Lcom/android/dx/rop/code/RegisterSpec; @ 35
Event: 5.899 Thread 0x0000000016bbd000 Uncommon trap: reason=bimorphic action=maybe_recompile pc=0x00000000031bd0d8 method=java.util.HashMap.putVal(ILjava/lang/Object;Ljava/lang/Object;ZZ)Ljava/lang/Object; @ 203
Event: 5.899 Thread 0x0000000016bbd000 Uncommon trap: reason=bimorphic action=maybe_recompile pc=0x00000000031bd0d8 method=java.util.HashMap.putVal(ILjava/lang/Object;Ljava/lang/Object;ZZ)Ljava/lang/Object; @ 203
Event: 6.929 Thread 0x0000000016ba8800 Uncommon trap: reason=class_check action=maybe_recompile pc=0x00000000032e2ab8 method=com.android.dx.cf.code.BytecodeArray.parseInstruction(ILcom/android/dx/cf/code/BytecodeArray$Visitor;)I @ 2253
Event: 6.936 Thread 0x0000000016bcf800 Uncommon trap: reason=unstable_if action=reinterpret pc=0x00000000032ba958 method=com.android.dx.rop.code.RegisterSpecSet.localItemToSpec(Lcom/android/dx/rop/code/LocalItem;)Lcom/android/dx/rop/code/RegisterSpec; @ 35
Event: 6.948 Thread 0x0000000016ba8800 Uncommon trap: reason=class_check action=maybe_recompile pc=0x00000000032e23e0 method=com.android.dx.cf.code.BytecodeArray.parseInstruction(ILcom/android/dx/cf/code/BytecodeArray$Visitor;)I @ 2167
Event: 6.948 Thread 0x0000000016ba8800 Uncommon trap: reason=class_check action=maybe_recompile pc=0x00000000032e23e0 method=com.android.dx.cf.code.BytecodeArray.parseInstruction(ILcom/android/dx/cf/code/BytecodeArray$Visitor;)I @ 2167

Internal exceptions (3 events):
Event: 0.070 Thread 0x0000000002a2d800 Exception <a 'java/lang/NoSuchMethodError': Method sun.misc.Unsafe.defineClass(Ljava/lang/String;[BII)Ljava/lang/Class; name or signature does not match> (0x00000000eab0d7c8) thrown at [C:\re\workspace\8-2-build-windows-amd64-cygwin\jdk8u45\3627\hotspot\sreÙMh™ÿ±?
Event: 0.070 Thread 0x0000000002a2d800 Exception <a 'java/lang/NoSuchMethodError': Method sun.misc.Unsafe.prefetchRead(Ljava/lang/Object;J)V name or signature does not match> (0x00000000eab0da58) thrown at [C:\re\workspace\8-2-build-windows-amd64-cygwin\jdk8u45\3627\hotspot\src\share\vm\prims\jöÊÃ„û
Event: 2.003 Thread 0x0000000016ba8800 Implicit null exception at 0x0000000002eeece2 to 0x0000000002eeede5

Events (10 events):
Event: 7.552 Thread 0x000000001525a000 flushing nmethod 0x0000000002d30fd0
Event: 7.552 Thread 0x000000001525a000 flushing nmethod 0x0000000002d44410
Event: 7.552 Thread 0x000000001525a000 flushing nmethod 0x0000000002d64610
Event: 7.567 Thread 0x000000001525a000 flushing nmethod 0x0000000002d69ad0
Event: 7.567 Thread 0x000000001525a000 flushing nmethod 0x0000000002d6a050
Event: 7.567 Thread 0x000000001525a000 flushing nmethod 0x0000000002d771d0
Event: 7.567 Thread 0x000000001525a000 flushing nmethod 0x0000000002da44d0
Event: 7.567 Thread 0x000000001525a000 flushing nmethod 0x0000000002df2590
Event: 7.567 Thread 0x000000001525a000 flushing nmethod 0x0000000002dffc90
Event: 7.570 Thread 0x000000001525a000 flushing nmethod 0x0000000002e14310


Dynamic libraries:
0x00007ff7a36e0000 - 0x00007ff7a3717000 	C:\Program Files\Java\jdk1.8.0_45\bin\java.exe
0x00007ffc9a480000 - 0x00007ffc9a62d000 	C:\WINDOWS\SYSTEM32\ntdll.dll
0x00007ffc9a2e0000 - 0x00007ffc9a41e000 	C:\WINDOWS\system32\KERNEL32.DLL
0x00007ffc978e0000 - 0x00007ffc979f5000 	C:\WINDOWS\system32\KERNELBASE.dll
0x00007ffc96170000 - 0x00007ffc961fe000 	C:\WINDOWS\system32\apphelp.dll
0x00007ffc96110000 - 0x00007ffc96163000 	C:\WINDOWS\AppPatch\AppPatch64\AcGenral.DLL
0x00007ffc99e40000 - 0x00007ffc99eea000 	C:\WINDOWS\system32\msvcrt.dll
0x00007ffc97680000 - 0x00007ffc976ae000 	C:\WINDOWS\system32\SspiCli.dll
0x00007ffc99fb0000 - 0x00007ffc9a004000 	C:\WINDOWS\system32\SHLWAPI.dll
0x00007ffc99a70000 - 0x00007ffc99be7000 	C:\WINDOWS\system32\USER32.dll
0x00007ffc9a140000 - 0x00007ffc9a2d4000 	C:\WINDOWS\system32\ole32.dll
0x00007ffc98400000 - 0x00007ffc9992c000 	C:\WINDOWS\system32\SHELL32.dll
0x00007ffc96c20000 - 0x00007ffc96c41000 	C:\WINDOWS\SYSTEM32\USERENV.dll
0x00007ffc98140000 - 0x00007ffc981ea000 	C:\WINDOWS\system32\ADVAPI32.dll
0x00007ffc960f0000 - 0x00007ffc9610e000 	C:\WINDOWS\SYSTEM32\MPR.dll
0x00007ffc99930000 - 0x00007ffc99a70000 	C:\WINDOWS\system32\RPCRT4.dll
0x00007ffc981f0000 - 0x00007ffc98249000 	C:\WINDOWS\SYSTEM32\sechost.dll
0x00007ffc97c70000 - 0x00007ffc97e82000 	C:\WINDOWS\SYSTEM32\combase.dll
0x00007ffc97b10000 - 0x00007ffc97c5b000 	C:\WINDOWS\system32\GDI32.dll
0x00007ffc975b0000 - 0x00007ffc975c5000 	C:\WINDOWS\SYSTEM32\profapi.dll
0x00007ffc95a90000 - 0x00007ffc95b42000 	C:\WINDOWS\SYSTEM32\SHCORE.dll
0x00007ffc97fa0000 - 0x00007ffc97fd6000 	C:\WINDOWS\system32\IMM32.DLL
0x00007ffc97fe0000 - 0x00007ffc98131000 	C:\WINDOWS\system32\MSCTF.dll
0x00007ffc95610000 - 0x00007ffc9588b000 	C:\WINDOWS\WinSxS\amd64_microsoft.windows.common-controls_6595b64144ccf1df_6.0.9600.18006_none_623f33d3ecbe86e8\COMCTL32.dll
0x0000000063ba0000 - 0x0000000063c72000 	C:\Program Files\Java\jdk1.8.0_45\jre\bin\msvcr100.dll
0x0000000062060000 - 0x00000000628e3000 	C:\Program Files\Java\jdk1.8.0_45\jre\bin\server\jvm.dll
0x00007ffc8fd50000 - 0x00007ffc8fd59000 	C:\WINDOWS\SYSTEM32\WSOCK32.dll
0x00007ffc91a90000 - 0x00007ffc91ab2000 	C:\WINDOWS\SYSTEM32\WINMM.dll
0x00007ffc91f40000 - 0x00007ffc91f4a000 	C:\WINDOWS\SYSTEM32\VERSION.dll
0x00007ffc97e90000 - 0x00007ffc97e97000 	C:\WINDOWS\system32\PSAPI.DLL
0x00007ffc9a0d0000 - 0x00007ffc9a12a000 	C:\WINDOWS\system32\WS2_32.dll
0x00007ffc909b0000 - 0x00007ffc909da000 	C:\WINDOWS\SYSTEM32\WINMMBASE.dll
0x00007ffc9a130000 - 0x00007ffc9a139000 	C:\WINDOWS\system32\NSI.dll
0x00007ffc976b0000 - 0x00007ffc976ff000 	C:\WINDOWS\SYSTEM32\cfgmgr32.dll
0x00007ffc963c0000 - 0x00007ffc963e8000 	C:\WINDOWS\SYSTEM32\DEVOBJ.dll
0x0000000064380000 - 0x000000006438f000 	C:\Program Files\Java\jdk1.8.0_45\jre\bin\verify.dll
0x0000000064350000 - 0x0000000064379000 	C:\Program Files\Java\jdk1.8.0_45\jre\bin\java.dll
0x0000000064330000 - 0x0000000064346000 	C:\Program Files\Java\jdk1.8.0_45\jre\bin\zip.dll
0x00007ffc8b450000 - 0x00007ffc8b5d9000 	C:\WINDOWS\SYSTEM32\dbghelp.dll

VM Arguments:
jvm_args: -Djava.awt.headless=true -Xmx1024M -Dfile.encoding=windows-1252 -Duser.country=US -Duser.language=en -Duser.variant 
java_command: com.android.dx.command.Main --dex --force-jumbo --num-threads=4 --output C:\Users\saelim\StudioProjects\nano\app\build\intermediates\pre-dexed\debug\debug_2d996a757f38c05886b163f8ee6eb1a1f1862ac8.jar C:\Users\saelim\StudioProjects\nano\app\build\intermediates\classes\debug
java_class_path (initial): C:\Users\saelim\AppData\Local\Android\Sdk\build-tools\27.0.0\lib\dx.jar
Launcher Type: SUN_STANDARD

Environment Variables:
PATH=C:\Python27\;C:\Python27\Scripts;C:\ProgramData\Oracle\Java\javapath;C:\Program Files (x86)\Intel\iCLS Client\;C:\Program Files\Intel\iCLS Client\;C:\WINDOWS\system32;C:\WINDOWS;C:\WINDOWS\System32\Wbem;C:\WINDOWS\System32\WindowsPowerShell\v1.0\;C:\Program Files\Intel\WiFi\bin\;C:\Program Files\Common Files\Intel\WirelessCommon\;C:\Program Files\Intel\Intel(R) Management Engine Components\DAL;C:\Program Files (x86)\Intel\Intel(R) Management Engine Components\DAL;C:\Program Files\Intel\Intel(R) Management Engine Components\IPT;C:\Program Files (x86)\Intel\Intel(R) Management Engine Components\IPT;C:\Program Files (x86)\Skype\Phone\;C:\Program Files\Calibre2\;C:\Users\saelim\Desktop\adb-fastboot;C:\Program Files (x86)\Windows Kits\8.1\Windows Performance Toolkit\;C:\Program Files\PuTTY\;C:\Program Files (x86)\Mozilla Firefox;C:\Program Files (x86)\ActiveState Komodo IDE 6\;C:\ProgramData\Oracle\Java\javapath;C:\Program Files (x86)\Intel\iCLS Client\;C:\Program Files\Intel\iCLS Client\;C:\WINDOWS\system32;C:\WINDOWS;C:\WINDOWS\System32\Wbem;C:\WINDOWS\System32\WindowsPowerShell\v1.0\;C:\Program Files\Intel\WiFi\bin\;C:\Program Files\Common Files\Intel\WirelessCommon\;C:\Program Files\Intel\Intel(R) Management Engine Components\DAL;C:\Program Files (x86)\Intel\Intel(R) Management Engine Components\DAL;C:\Program Files\Intel\Intel(R) Management Engine Components\IPT;C:\Program Files (x86)\Intel\Intel(R) Management Engine Components\IPT;C:\Program Files (x86)\Skype\Phone\;C:\Users\saelim\AppData\Local\Programs\Git\cmd
USERNAME=saelim
OS=Windows_NT
PROCESSOR_IDENTIFIER=Intel64 Family 6 Model 61 Stepping 4, GenuineIntel



---------------  S Y S T E M  ---------------

OS: Windows 8.1 , 64 bit Build 9600 (6.3.9600.17415)

CPU:total 4 (2 cores per cpu, 2 threads per core) family 6 model 61 stepping 4, cmov, cx8, fxsr, mmx, sse, sse2, sse3, ssse3, sse4.1, sse4.2, popcnt, avx, avx2, aes, clmul, erms, rtm, 3dnowpref, lzcnt, ht, tsc, tscinvbit, bmi1, bmi2, adx

Memory: 4k page, physical 8274368k(849716k free), swap 11420096k(7172k free)

vm_info: Java HotSpot(TM) 64-Bit Server VM (25.45-b02) for windows-amd64 JRE (1.8.0_45-b15), built on Apr 30 2015 12:40:44 by "java_re" with MS VC++ 10.0 (VS2010)

time: Wed Mar 14 10:10:53 2018
elapsed time: 7 seconds (0d 0h 0m 7s)

